<?xml version="1.0" encoding="UTF-8"?>
<!-- Generated by org.testng.reporters.JUnitXMLReporter -->
<testsuite ignored="0" hostname="DESKTOP-CNAQHTV" failures="1" tests="3" name="Default test" time="12.213" errors="0" timestamp="2024-06-29T11:44:10 IST">
  <testcase classname="io.cucumber.testng.AbstractTestNGCucumberTests" name="runScenario" time="5.769"/>
  <testcase classname="io.cucumber.testng.AbstractTestNGCucumberTests" name="runScenario" time="1.113">
    <failure type="java.lang.NullPointerException" message="Cannot invoke &amp;quot;io.restassured.response.Response.statusCode()&amp;quot; because &amp;quot;this.response&amp;quot; is null">
      <![CDATA[java.lang.NullPointerException: Cannot invoke "io.restassured.response.Response.statusCode()" because "this.response" is null
at steps.playlistStep.api_cal_executed_with_status_code(playlistStep.java:70)
at ✽.api call executed with status code 200(file:///C:/Users/Vaibhav%20Gaushetwar/eclipse-workspace/RestAssuredBddFramework/src/test/resources/Spotifyfeature/playlist.feature:10)
]]>
    </failure>
  </testcase> <!-- runScenario -->
  <testcase classname="io.cucumber.testng.AbstractTestNGCucumberTests" name="runScenario" time="1.083"/>
</testsuite> <!-- Default test -->
